Using pre-set license
Built from '2020.3/staging' branch; Version is '2020.3.23f1 (c5d91304a876) revision 12966163'; Using compiler version '192528614'; Build Type 'Release'
OS: 'Windows 10 Home Single Language; OS build 19042.1348; Version 2009; 64bit' Language: 'en' Physical Memory: 12177 MB
BatchMode: 1, IsHumanControllingUs: 0, StartBugReporterOnCrash: 0, Is64bit: 1, IsPro: 0

COMMAND LINE ARGUMENTS:
C:\Program Files\Unity\Hub\Editor\2020.3.23f1\Editor\Unity.exe
-adb2
-batchMode
-noUpm
-name
AssetImportWorker0
-projectPath
C:/UnityProjects/2D-Platformer-OutScal
-logFile
Logs/AssetImportWorker0.log
-srvPort
56090
Successfully changed project path to: C:/UnityProjects/2D-Platformer-OutScal
C:/UnityProjects/2D-Platformer-OutScal
Using Asset Import Pipeline V2.
Refreshing native plugins compatible for Editor in 71.95 ms, found 3 plugins.
Preloading 0 native plugins for Editor in 0.00 ms.
Initialize engine version: 2020.3.23f1 (c5d91304a876)
[Subsystems] Discovering subsystems at path C:/Program Files/Unity/Hub/Editor/2020.3.23f1/Editor/Data/Resources/UnitySubsystems
[Subsystems] Discovering subsystems at path C:/UnityProjects/2D-Platformer-OutScal/Assets
GfxDevice: creating device client; threaded=0
Direct3D:
    Version:  Direct3D 11.0 [level 11.0]
    Renderer: NVIDIA GeForce GTX 950M (ID=0x139a)
    Vendor:   
    VRAM:     2010 MB
    Driver:   30.0.14.7141
Initialize mono
Mono path[0] = 'C:/Program Files/Unity/Hub/Editor/2020.3.23f1/Editor/Data/Managed'
Mono path[1] = 'C:/Program Files/Unity/Hub/Editor/2020.3.23f1/Editor/Data/MonoBleedingEdge/lib/mono/unityjit'
Mono config path = 'C:/Program Files/Unity/Hub/Editor/2020.3.23f1/Editor/Data/MonoBleedingEdge/etc'
Using monoOptions --debugger-agent=transport=dt_socket,embedding=1,server=y,suspend=n,address=127.0.0.1:56596
Begin MonoManager ReloadAssembly
Registering precompiled unity dll's ...
Register platform support module: C:/Program Files/Unity/Hub/Editor/2020.3.23f1/Editor/Data/PlaybackEngines/WindowsStandaloneSupport/UnityEditor.WindowsStandalone.Extensions.dll
Registered in 0.002078 seconds.
Native extension for WindowsStandalone target not found
Refreshing native plugins compatible for Editor in 70.86 ms, found 3 plugins.
Preloading 0 native plugins for Editor in 0.00 ms.
Mono: successfully reloaded assembly
- Completed reload, in  0.685 seconds
Domain Reload Profiling:
	ReloadAssembly (685ms)
		BeginReloadAssembly (62ms)
			ExecutionOrderSort (0ms)
			DisableScriptedObjects (0ms)
			BackupInstance (0ms)
			ReleaseScriptingObjects (0ms)
			CreateAndSetChildDomain (1ms)
		EndReloadAssembly (539ms)
			LoadAssemblies (59ms)
			RebuildTransferFunctionScriptingTraits (0ms)
			SetupTypeCache (175ms)
			ReleaseScriptCaches (0ms)
			RebuildScriptCaches (37ms)
			SetupLoadedEditorAssemblies (216ms)
				LogAssemblyErrors (0ms)
				InitializePlatformSupportModulesInManaged (5ms)
				SetLoadedEditorAssemblies (0ms)
				RefreshPlugins (71ms)
				BeforeProcessingInitializeOnLoad (19ms)
				ProcessInitializeOnLoadAttributes (90ms)
				ProcessInitializeOnLoadMethodAttributes (31ms)
				AfterProcessingInitializeOnLoad (0ms)
				EditorAssembliesLoaded (0ms)
			ExecutionOrderSort2 (0ms)
			AwakeInstancesAfterBackupRestoration (0ms)
Platform modules already initialized, skipping
Registering precompiled user dll's ...
Registered in 0.005102 seconds.
Begin MonoManager ReloadAssembly
Native extension for WindowsStandalone target not found
Refreshing native plugins compatible for Editor in 71.39 ms, found 3 plugins.
Preloading 0 native plugins for Editor in 0.00 ms.
Mono: successfully reloaded assembly
- Completed reload, in  1.353 seconds
Domain Reload Profiling:
	ReloadAssembly (1354ms)
		BeginReloadAssembly (175ms)
			ExecutionOrderSort (0ms)
			DisableScriptedObjects (5ms)
			BackupInstance (0ms)
			ReleaseScriptingObjects (0ms)
			CreateAndSetChildDomain (23ms)
		EndReloadAssembly (1100ms)
			LoadAssemblies (109ms)
			RebuildTransferFunctionScriptingTraits (0ms)
			SetupTypeCache (362ms)
			ReleaseScriptCaches (1ms)
			RebuildScriptCaches (60ms)
			SetupLoadedEditorAssemblies (415ms)
				LogAssemblyErrors (0ms)
				InitializePlatformSupportModulesInManaged (4ms)
				SetLoadedEditorAssemblies (0ms)
				RefreshPlugins (71ms)
				BeforeProcessingInitializeOnLoad (94ms)
				ProcessInitializeOnLoadAttributes (219ms)
				ProcessInitializeOnLoadMethodAttributes (20ms)
				AfterProcessingInitializeOnLoad (7ms)
				EditorAssembliesLoaded (0ms)
			ExecutionOrderSort2 (0ms)
			AwakeInstancesAfterBackupRestoration (7ms)
Platform modules already initialized, skipping
========================================================================
Worker process is ready to serve import requests
Launched and connected shader compiler UnityShaderCompiler.exe after 0.09 seconds
Refreshing native plugins compatible for Editor in 0.71 ms, found 3 plugins.
Preloading 0 native plugins for Editor in 0.00 ms.
Unloading 2248 Unused Serialized files (Serialized files now loaded: 0)
System memory in use before: 103.6 MB.
System memory in use after: 103.7 MB.

Unloading 28 unused Assets to reduce memory usage. Loaded Objects now: 2682.
Total: 5.746600 ms (FindLiveObjects: 0.457700 ms CreateObjectMapping: 0.280300 ms MarkObjects: 4.832600 ms  DeleteObjects: 0.173800 ms)

AssetImportParameters requested are different than current active one (requested -> active):
  custom:framework-win-MediaFoundation: 216162199b28c13a410421893ffa2e32 -> 
  custom:video-decoder-ogg-theora: a1e56fd34408186e4bbccfd4996cb3dc -> 
  custom:container-muxer-webm: aa71ff27fc2769a1b78a27578f13a17b -> 
  custom:container-demuxer-webm: 4f35f7cbe854078d1ac9338744f61a02 -> 
  custom:container-demuxer-ogg: 62fdf1f143b41e24485cea50d1cbac27 -> 
  custom:video-encoder-webm-vp8: eb34c28f22e8b96e1ab97ce403110664 -> 
  custom:video-decoder-webm-vp8: 9c59270c3fd7afecdb556c50c9e8de78 -> 
  custom:audio-decoder-ogg-vorbis: bf7c407c2cedff20999df2af8eb42d56 -> 
  custom:audio-encoder-webm-vorbis: bf7c407c2cedff20999df2af8eb42d56 -> 
========================================================================
Received Import Request.
  path: Assets
  artifactKey: Guid(00000000000000001000000000000000) Importer(815301076,1909f56bfc062723c751e8b465ee728b)
Start importing Assets using Guid(00000000000000001000000000000000) Importer(815301076,1909f56bfc062723c751e8b465ee728b)  -> (artifact id: '42d402b061de3733987d63b9cc3b64de') in 0.011107 seconds 
  Import took 0.016346 seconds .

========================================================================
Received Import Request.
  Time since last request: 2.080673 seconds.
  path: Assets/Prefabs
  artifactKey: Guid(8ed3763e0d55fb244ada9bc89df6e464) Importer(815301076,1909f56bfc062723c751e8b465ee728b)
Start importing Assets/Prefabs using Guid(8ed3763e0d55fb244ada9bc89df6e464) Importer(815301076,1909f56bfc062723c751e8b465ee728b)  -> (artifact id: '2c6ab0bd35482d832cb37d06dcd33382') in 0.009916 seconds 
  Import took 0.014896 seconds .

========================================================================
Received Import Request.
  Time since last request: 6.525001 seconds.
  path: Assets/Scripts
  artifactKey: Guid(17e4c443ec169904797637acd53eefa8) Importer(815301076,1909f56bfc062723c751e8b465ee728b)
Start importing Assets/Scripts using Guid(17e4c443ec169904797637acd53eefa8) Importer(815301076,1909f56bfc062723c751e8b465ee728b)  -> (artifact id: '43dba2aa2db36778d5dc728045ff4bd2') in 0.008668 seconds 
  Import took 0.013675 seconds .

========================================================================
Received Import Request.
  Time since last request: 13.287630 seconds.
  path: Assets/Materials
  artifactKey: Guid(c0e1f608fc848ae428680d6ea4d3a243) Importer(815301076,1909f56bfc062723c751e8b465ee728b)
Start importing Assets/Materials using Guid(c0e1f608fc848ae428680d6ea4d3a243) Importer(815301076,1909f56bfc062723c751e8b465ee728b)  -> (artifact id: 'b127e9d76df571662b96e835cf770745') in 0.011824 seconds 
  Import took 0.016519 seconds .

========================================================================
Received Import Request.
  Time since last request: 2.667976 seconds.
  path: Assets/Animations
  artifactKey: Guid(8935bfddc9e001740a6eee09690d9c04) Importer(815301076,1909f56bfc062723c751e8b465ee728b)
Start importing Assets/Animations using Guid(8935bfddc9e001740a6eee09690d9c04) Importer(815301076,1909f56bfc062723c751e8b465ee728b)  -> (artifact id: '2ff10508c4521e9cefcece9307a01d8f') in 0.009663 seconds 
  Import took 0.014771 seconds .

========================================================================
Received Import Request.
  Time since last request: 5.825186 seconds.
  path: Assets/Animations/Player
  artifactKey: Guid(4e6510d341a367645a6a5da9a43bd80b) Importer(815301076,1909f56bfc062723c751e8b465ee728b)
Start importing Assets/Animations/Player using Guid(4e6510d341a367645a6a5da9a43bd80b) Importer(815301076,1909f56bfc062723c751e8b465ee728b)  -> (artifact id: '3b592214ca9088966247c48fc67bf961') in 0.007745 seconds 
  Import took 0.012466 seconds .

========================================================================
Received Import Request.
  Time since last request: 2.051663 seconds.
  path: Assets/Animations/Player.controller
  artifactKey: Guid(d3e5525b67ef327418296545318550e3) Importer(815301076,1909f56bfc062723c751e8b465ee728b)
Start importing Assets/Animations/Player.controller using Guid(d3e5525b67ef327418296545318550e3) Importer(815301076,1909f56bfc062723c751e8b465ee728b)  -> (artifact id: 'd9a861ac6642d7c863bd2818e5430bc6') in 0.034479 seconds 
  Import took 0.039030 seconds .

========================================================================
Received Import Request.
  Time since last request: 94.028024 seconds.
  path: Assets/Game Assets/Art/Sprites/AnimatedSprites/Ellen/Animations/Run
  artifactKey: Guid(71cd489115374f641b38398e137a023d) Importer(815301076,1909f56bfc062723c751e8b465ee728b)
Start importing Assets/Game Assets/Art/Sprites/AnimatedSprites/Ellen/Animations/Run using Guid(71cd489115374f641b38398e137a023d) Importer(815301076,1909f56bfc062723c751e8b465ee728b)  -> (artifact id: 'c425f08a83dd6daaebc029f32e5246a0') in 0.007778 seconds 
  Import took 0.012621 seconds .

========================================================================
Received Import Request.
  Time since last request: 0.078413 seconds.
  path: Assets/Game Assets/Art/Sprites/AnimatedSprites/Ellen/Animations/Run/ELLEN_RUN_NoGun_01.png
  artifactKey: Guid(ff33d6adfeac52e419af23fad2d0abfd) Importer(815301076,1909f56bfc062723c751e8b465ee728b)
Start importing Assets/Game Assets/Art/Sprites/AnimatedSprites/Ellen/Animations/Run/ELLEN_RUN_NoGun_01.png using Guid(ff33d6adfeac52e419af23fad2d0abfd) Importer(815301076,1909f56bfc062723c751e8b465ee728b)  -> (artifact id: '310af105426928707848f25d5489afb6') in 0.102256 seconds 
  Import took 0.106974 seconds .

========================================================================
Received Import Request.
  Time since last request: 0.000230 seconds.
  path: Assets/Game Assets/Art/Sprites/AnimatedSprites/Ellen/Animations/Run/ELLEN_RUN_NoGun_11.png
  artifactKey: Guid(5d25d9e1de070994db63a462e89932d7) Importer(815301076,1909f56bfc062723c751e8b465ee728b)
Start importing Assets/Game Assets/Art/Sprites/AnimatedSprites/Ellen/Animations/Run/ELLEN_RUN_NoGun_11.png using Guid(5d25d9e1de070994db63a462e89932d7) Importer(815301076,1909f56bfc062723c751e8b465ee728b)  -> (artifact id: '221c256e593242df4f9b8c199e06b622') in 0.022093 seconds 
  Import took 0.026972 seconds .

========================================================================
Received Import Request.
  Time since last request: 0.000235 seconds.
  path: Assets/Game Assets/Art/Sprites/AnimatedSprites/Ellen/Animations/Run/ELLEN_RUN_NoGun_17.png
  artifactKey: Guid(690102d87edd7d047824362d73a02788) Importer(815301076,1909f56bfc062723c751e8b465ee728b)
Start importing Assets/Game Assets/Art/Sprites/AnimatedSprites/Ellen/Animations/Run/ELLEN_RUN_NoGun_17.png using Guid(690102d87edd7d047824362d73a02788) Importer(815301076,1909f56bfc062723c751e8b465ee728b)  -> (artifact id: 'e2577a085178de43875a525200635d5b') in 0.022808 seconds 
  Import took 0.027723 seconds .

========================================================================
Received Import Request.
  Time since last request: 0.000225 seconds.
  path: Assets/Game Assets/Art/Sprites/AnimatedSprites/Ellen/Animations/Run/ELLEN_RUN_NoGun_08.png
  artifactKey: Guid(dfd2eca0b8de7a443a0b28c6466f55ba) Importer(815301076,1909f56bfc062723c751e8b465ee728b)
Start importing Assets/Game Assets/Art/Sprites/AnimatedSprites/Ellen/Animations/Run/ELLEN_RUN_NoGun_08.png using Guid(dfd2eca0b8de7a443a0b28c6466f55ba) Importer(815301076,1909f56bfc062723c751e8b465ee728b)  -> (artifact id: 'eccecd77a2fc6292ddf47ddc52e19586') in 0.024638 seconds 
  Import took 0.029081 seconds .

========================================================================
Received Import Request.
  Time since last request: 0.000269 seconds.
  path: Assets/Game Assets/Art/Sprites/AnimatedSprites/Ellen/Animations/Run/ELLEN_RUN_NoGun_18.png
  artifactKey: Guid(5cdf5107efb2e8c4d980153f752a57c1) Importer(815301076,1909f56bfc062723c751e8b465ee728b)
Start importing Assets/Game Assets/Art/Sprites/AnimatedSprites/Ellen/Animations/Run/ELLEN_RUN_NoGun_18.png using Guid(5cdf5107efb2e8c4d980153f752a57c1) Importer(815301076,1909f56bfc062723c751e8b465ee728b)  -> (artifact id: '64aa958c090dd15087f11f7913d87e75') in 0.021440 seconds 
  Import took 0.026680 seconds .

========================================================================
Received Import Request.
  Time since last request: 0.000247 seconds.
  path: Assets/Game Assets/Art/Sprites/AnimatedSprites/Ellen/Animations/Run/ELLEN_RUN_NoGun_19.png
  artifactKey: Guid(3b3834ff0aab3d849bca2adc0c0d5f84) Importer(815301076,1909f56bfc062723c751e8b465ee728b)
Start importing Assets/Game Assets/Art/Sprites/AnimatedSprites/Ellen/Animations/Run/ELLEN_RUN_NoGun_19.png using Guid(3b3834ff0aab3d849bca2adc0c0d5f84) Importer(815301076,1909f56bfc062723c751e8b465ee728b)  -> (artifact id: 'fbe752b26c59c1d8c28ebbf832eaa047') in 0.021636 seconds 
  Import took 0.026654 seconds .

========================================================================
Received Import Request.
  Time since last request: 0.000236 seconds.
  path: Assets/Game Assets/Art/Sprites/AnimatedSprites/Ellen/Animations/Run/ELLEN_RUN_NoGun_20.png
  artifactKey: Guid(d3c1e30225625c14e9bf351c35be2fd9) Importer(815301076,1909f56bfc062723c751e8b465ee728b)
Start importing Assets/Game Assets/Art/Sprites/AnimatedSprites/Ellen/Animations/Run/ELLEN_RUN_NoGun_20.png using Guid(d3c1e30225625c14e9bf351c35be2fd9) Importer(815301076,1909f56bfc062723c751e8b465ee728b)  -> (artifact id: '6f7ed106df370c645aad73f04d1b1eb2') in 0.027846 seconds 
  Import took 0.032648 seconds .

========================================================================
Received Import Request.
  Time since last request: 0.000217 seconds.
  path: Assets/Game Assets/Art/Sprites/AnimatedSprites/Ellen/Animations/Run/ELLEN_RUN_NoGun_15.png
  artifactKey: Guid(eb350ede4895d6d418689eb126b772cb) Importer(815301076,1909f56bfc062723c751e8b465ee728b)
Start importing Assets/Game Assets/Art/Sprites/AnimatedSprites/Ellen/Animations/Run/ELLEN_RUN_NoGun_15.png using Guid(eb350ede4895d6d418689eb126b772cb) Importer(815301076,1909f56bfc062723c751e8b465ee728b)  -> (artifact id: '56c76653e78a986055ca48b84113ee9f') in 0.021840 seconds 
  Import took 0.026240 seconds .

========================================================================
Received Import Request.
  Time since last request: 0.000219 seconds.
  path: Assets/Game Assets/Art/Sprites/AnimatedSprites/Ellen/Animations/Run/ELLEN_RUN_NoGun_21.png
  artifactKey: Guid(88f2ac18ae0c71845bc1d47bd924f8a8) Importer(815301076,1909f56bfc062723c751e8b465ee728b)
Start importing Assets/Game Assets/Art/Sprites/AnimatedSprites/Ellen/Animations/Run/ELLEN_RUN_NoGun_21.png using Guid(88f2ac18ae0c71845bc1d47bd924f8a8) Importer(815301076,1909f56bfc062723c751e8b465ee728b)  -> (artifact id: 'ed1299b755ed775156230eb1b944d0d6') in 0.021793 seconds 
  Import took 0.026679 seconds .

========================================================================
Received Import Request.
  Time since last request: 0.000239 seconds.
  path: Assets/Game Assets/Art/Sprites/AnimatedSprites/Ellen/Animations/Run/ELLEN_RUN_NoGun_12.png
  artifactKey: Guid(9989c37dedfecfa4591fd9f1821713cb) Importer(815301076,1909f56bfc062723c751e8b465ee728b)
Start importing Assets/Game Assets/Art/Sprites/AnimatedSprites/Ellen/Animations/Run/ELLEN_RUN_NoGun_12.png using Guid(9989c37dedfecfa4591fd9f1821713cb) Importer(815301076,1909f56bfc062723c751e8b465ee728b)  -> (artifact id: '9e2489d5863a90b4cd6feacbc551eaad') in 0.022569 seconds 
  Import took 0.027770 seconds .

========================================================================
Received Import Request.
  Time since last request: 0.000229 seconds.
  path: Assets/Game Assets/Art/Sprites/AnimatedSprites/Ellen/Animations/Run/ELLEN_RUN_NoGun_02.png
  artifactKey: Guid(12ea17332fa174442af48960686e1769) Importer(815301076,1909f56bfc062723c751e8b465ee728b)
Start importing Assets/Game Assets/Art/Sprites/AnimatedSprites/Ellen/Animations/Run/ELLEN_RUN_NoGun_02.png using Guid(12ea17332fa174442af48960686e1769) Importer(815301076,1909f56bfc062723c751e8b465ee728b)  -> (artifact id: '72d89d053ed694b23e35499a006f2cc5') in 0.023374 seconds 
  Import took 0.028257 seconds .

========================================================================
Received Import Request.
  Time since last request: 0.000224 seconds.
  path: Assets/Game Assets/Art/Sprites/AnimatedSprites/Ellen/Animations/Run/ELLEN_RUN_NoGun_13.png
  artifactKey: Guid(89339a864e8d9994ea7c9531ae92e67e) Importer(815301076,1909f56bfc062723c751e8b465ee728b)
Start importing Assets/Game Assets/Art/Sprites/AnimatedSprites/Ellen/Animations/Run/ELLEN_RUN_NoGun_13.png using Guid(89339a864e8d9994ea7c9531ae92e67e) Importer(815301076,1909f56bfc062723c751e8b465ee728b)  -> (artifact id: '7cfe0b01b9161c07f5f7f4fcfd854593') in 0.024707 seconds 
  Import took 0.029319 seconds .

========================================================================
Received Import Request.
  Time since last request: 0.000234 seconds.
  path: Assets/Game Assets/Art/Sprites/AnimatedSprites/Ellen/Animations/Run/ELLEN_RUN_NoGun_07.png
  artifactKey: Guid(2eaa4938329e1204ca267982a8cdb3fa) Importer(815301076,1909f56bfc062723c751e8b465ee728b)
Start importing Assets/Game Assets/Art/Sprites/AnimatedSprites/Ellen/Animations/Run/ELLEN_RUN_NoGun_07.png using Guid(2eaa4938329e1204ca267982a8cdb3fa) Importer(815301076,1909f56bfc062723c751e8b465ee728b)  -> (artifact id: '0995070e3ce1aae5eeff2d79afe83f73') in 0.020728 seconds 
  Import took 0.025459 seconds .

========================================================================
Received Import Request.
  Time since last request: 0.000218 seconds.
  path: Assets/Game Assets/Art/Sprites/AnimatedSprites/Ellen/Animations/Run/ELLEN_RUN_NoGun_16.png
  artifactKey: Guid(79d7163dfd26ad748bf88cdc6b98d2f5) Importer(815301076,1909f56bfc062723c751e8b465ee728b)
Start importing Assets/Game Assets/Art/Sprites/AnimatedSprites/Ellen/Animations/Run/ELLEN_RUN_NoGun_16.png using Guid(79d7163dfd26ad748bf88cdc6b98d2f5) Importer(815301076,1909f56bfc062723c751e8b465ee728b)  -> (artifact id: 'f0d14ca47ba7a849d1ec8b62ebc198f7') in 0.026389 seconds 
  Import took 0.030543 seconds .

========================================================================
Received Import Request.
  Time since last request: 0.000218 seconds.
  path: Assets/Game Assets/Art/Sprites/AnimatedSprites/Ellen/Animations/Run/ELLEN_RUN_NoGun_09.png
  artifactKey: Guid(301fc9f2a0405ee45ad84f7b550051d5) Importer(815301076,1909f56bfc062723c751e8b465ee728b)
Start importing Assets/Game Assets/Art/Sprites/AnimatedSprites/Ellen/Animations/Run/ELLEN_RUN_NoGun_09.png using Guid(301fc9f2a0405ee45ad84f7b550051d5) Importer(815301076,1909f56bfc062723c751e8b465ee728b)  -> (artifact id: 'a2175a1e1a6a7306555cc02b881dbfdd') in 0.021350 seconds 
  Import took 0.025523 seconds .

========================================================================
Received Import Request.
  Time since last request: 0.000356 seconds.
  path: Assets/Game Assets/Art/Sprites/AnimatedSprites/Ellen/Animations/Run/ELLEN_RUN_NoGun_06.png
  artifactKey: Guid(a4cfd522aaaa4ac45980e1828c8dea2c) Importer(815301076,1909f56bfc062723c751e8b465ee728b)
Start importing Assets/Game Assets/Art/Sprites/AnimatedSprites/Ellen/Animations/Run/ELLEN_RUN_NoGun_06.png using Guid(a4cfd522aaaa4ac45980e1828c8dea2c) Importer(815301076,1909f56bfc062723c751e8b465ee728b)  -> (artifact id: '0ba7cab6fa0272a5bdee5101c1d84f2a') in 0.023764 seconds 
  Import took 0.028385 seconds .

========================================================================
Received Import Request.
  Time since last request: 0.000241 seconds.
  path: Assets/Game Assets/Art/Sprites/AnimatedSprites/Ellen/Animations/Run/ELLEN_RUN_NoGun_14.png
  artifactKey: Guid(453c8803862e72b43ad3652b8fe03437) Importer(815301076,1909f56bfc062723c751e8b465ee728b)
Start importing Assets/Game Assets/Art/Sprites/AnimatedSprites/Ellen/Animations/Run/ELLEN_RUN_NoGun_14.png using Guid(453c8803862e72b43ad3652b8fe03437) Importer(815301076,1909f56bfc062723c751e8b465ee728b)  -> (artifact id: '991c621b73113d401d0dc1db71132687') in 0.028620 seconds 
  Import took 0.032795 seconds .

========================================================================
Received Import Request.
  Time since last request: 0.000231 seconds.
  path: Assets/Game Assets/Art/Sprites/AnimatedSprites/Ellen/Animations/Run/ELLEN_RUN_NoGun_04.png
  artifactKey: Guid(3a5b7c781691c8642af63e9c1e6c14de) Importer(815301076,1909f56bfc062723c751e8b465ee728b)
Start importing Assets/Game Assets/Art/Sprites/AnimatedSprites/Ellen/Animations/Run/ELLEN_RUN_NoGun_04.png using Guid(3a5b7c781691c8642af63e9c1e6c14de) Importer(815301076,1909f56bfc062723c751e8b465ee728b)  -> (artifact id: '8754a3d55be8dd997e599abe2cdfaffe') in 0.023200 seconds 
  Import took 0.027911 seconds .

========================================================================
Received Import Request.
  Time since last request: 0.000200 seconds.
  path: Assets/Game Assets/Art/Sprites/AnimatedSprites/Ellen/Animations/Run/ELLEN_RUN_NoGun_03.png
  artifactKey: Guid(45ed26a75477df843a013176e95192a9) Importer(815301076,1909f56bfc062723c751e8b465ee728b)
Start importing Assets/Game Assets/Art/Sprites/AnimatedSprites/Ellen/Animations/Run/ELLEN_RUN_NoGun_03.png using Guid(45ed26a75477df843a013176e95192a9) Importer(815301076,1909f56bfc062723c751e8b465ee728b)  -> (artifact id: '84ef4e7036afe1c85fd9374978e07f7a') in 0.021726 seconds 
  Import took 0.026605 seconds .

========================================================================
Received Import Request.
  Time since last request: 0.000338 seconds.
  path: Assets/Game Assets/Art/Sprites/AnimatedSprites/Ellen/Animations/Run/ELLEN_RUN_NoGun_22.png
  artifactKey: Guid(37547022c0607c544915b3089832635d) Importer(815301076,1909f56bfc062723c751e8b465ee728b)
Start importing Assets/Game Assets/Art/Sprites/AnimatedSprites/Ellen/Animations/Run/ELLEN_RUN_NoGun_22.png using Guid(37547022c0607c544915b3089832635d) Importer(815301076,1909f56bfc062723c751e8b465ee728b)  -> (artifact id: '2efb5360522acee64a4ee45676ae4139') in 0.024360 seconds 
  Import took 0.028813 seconds .

========================================================================
Received Import Request.
  Time since last request: 0.000206 seconds.
  path: Assets/Game Assets/Art/Sprites/AnimatedSprites/Ellen/Animations/Run/ELLEN_RUN_NoGun_10.png
  artifactKey: Guid(05df8025a12814d46b434681a6989133) Importer(815301076,1909f56bfc062723c751e8b465ee728b)
Start importing Assets/Game Assets/Art/Sprites/AnimatedSprites/Ellen/Animations/Run/ELLEN_RUN_NoGun_10.png using Guid(05df8025a12814d46b434681a6989133) Importer(815301076,1909f56bfc062723c751e8b465ee728b)  -> (artifact id: '4f001eb8c117016696ce1e6a29e634f5') in 0.022763 seconds 
  Import took 0.027140 seconds .

========================================================================
Received Import Request.
  Time since last request: 0.000218 seconds.
  path: Assets/Game Assets/Art/Sprites/AnimatedSprites/Ellen/Animations/Run/ELLEN_RUN_NoGun_05.png
  artifactKey: Guid(87e29b609bb169245a2df3d89266630c) Importer(815301076,1909f56bfc062723c751e8b465ee728b)
Start importing Assets/Game Assets/Art/Sprites/AnimatedSprites/Ellen/Animations/Run/ELLEN_RUN_NoGun_05.png using Guid(87e29b609bb169245a2df3d89266630c) Importer(815301076,1909f56bfc062723c751e8b465ee728b)  -> (artifact id: '3c1f5bd58e9ab927e9c5c104ecd7a5a0') in 0.023343 seconds 
  Import took 0.028045 seconds .

========================================================================
Received Import Request.
  Time since last request: 60.889795 seconds.
  path: Assets/Animations/Player/Player.controller
  artifactKey: Guid(d3e5525b67ef327418296545318550e3) Importer(815301076,1909f56bfc062723c751e8b465ee728b)
Start importing Assets/Animations/Player/Player.controller using Guid(d3e5525b67ef327418296545318550e3) Importer(815301076,1909f56bfc062723c751e8b465ee728b)  -> (artifact id: '0a26ab58d845e6c70e9175494d3d015d') in 0.004307 seconds 
  Import took 0.009155 seconds .

========================================================================
Received Import Request.
  Time since last request: 254.651505 seconds.
  path: Assets/Animations/Player/Player.controller
  artifactKey: Guid(d3e5525b67ef327418296545318550e3) Importer(815301076,1909f56bfc062723c751e8b465ee728b)
Start importing Assets/Animations/Player/Player.controller using Guid(d3e5525b67ef327418296545318550e3) Importer(815301076,1909f56bfc062723c751e8b465ee728b)  -> (artifact id: '8984ab56eadfc05c074e8d6e891c1b71') in 0.004807 seconds 
  Import took 0.010005 seconds .

========================================================================
Received Prepare
Registering precompiled user dll's ...
Registered in 0.004905 seconds.
Begin MonoManager ReloadAssembly
Native extension for WindowsStandalone target not found
Refreshing native plugins compatible for Editor in 0.73 ms, found 3 plugins.
Preloading 0 native plugins for Editor in 0.00 ms.
Mono: successfully reloaded assembly
- Completed reload, in  1.189 seconds
Domain Reload Profiling:
	ReloadAssembly (1189ms)
		BeginReloadAssembly (132ms)
			ExecutionOrderSort (0ms)
			DisableScriptedObjects (7ms)
			BackupInstance (0ms)
			ReleaseScriptingObjects (0ms)
			CreateAndSetChildDomain (41ms)
		EndReloadAssembly (986ms)
			LoadAssemblies (99ms)
			RebuildTransferFunctionScriptingTraits (0ms)
			SetupTypeCache (357ms)
			ReleaseScriptCaches (1ms)
			RebuildScriptCaches (51ms)
			SetupLoadedEditorAssemblies (357ms)
				LogAssemblyErrors (0ms)
				InitializePlatformSupportModulesInManaged (5ms)
				SetLoadedEditorAssemblies (1ms)
				RefreshPlugins (1ms)
				BeforeProcessingInitializeOnLoad (102ms)
				ProcessInitializeOnLoadAttributes (229ms)
				ProcessInitializeOnLoadMethodAttributes (13ms)
				AfterProcessingInitializeOnLoad (7ms)
				EditorAssembliesLoaded (0ms)
			ExecutionOrderSort2 (0ms)
			AwakeInstancesAfterBackupRestoration (10ms)
Platform modules already initialized, skipping
Refreshing native plugins compatible for Editor in 0.76 ms, found 3 plugins.
Preloading 0 native plugins for Editor in 0.00 ms.
Unloading 2218 Unused Serialized files (Serialized files now loaded: 0)
System memory in use before: 104.2 MB.
System memory in use after: 104.3 MB.

Unloading 17 unused Assets to reduce memory usage. Loaded Objects now: 2690.
Total: 4.274100 ms (FindLiveObjects: 0.291600 ms CreateObjectMapping: 0.142500 ms MarkObjects: 3.818000 ms  DeleteObjects: 0.020900 ms)

AssetImportParameters requested are different than current active one (requested -> active):
  custom:framework-win-MediaFoundation: 216162199b28c13a410421893ffa2e32 -> 
  custom:video-decoder-ogg-theora: a1e56fd34408186e4bbccfd4996cb3dc -> 
  custom:container-muxer-webm: aa71ff27fc2769a1b78a27578f13a17b -> 
  custom:container-demuxer-webm: 4f35f7cbe854078d1ac9338744f61a02 -> 
  custom:container-demuxer-ogg: 62fdf1f143b41e24485cea50d1cbac27 -> 
  custom:video-encoder-webm-vp8: eb34c28f22e8b96e1ab97ce403110664 -> 
  custom:video-decoder-webm-vp8: 9c59270c3fd7afecdb556c50c9e8de78 -> 
  custom:audio-decoder-ogg-vorbis: bf7c407c2cedff20999df2af8eb42d56 -> 
  custom:audio-encoder-webm-vorbis: bf7c407c2cedff20999df2af8eb42d56 -> 
========================================================================
Received Import Request.
  Time since last request: 460.150966 seconds.
  path: Assets/Animations
  artifactKey: Guid(8935bfddc9e001740a6eee09690d9c04) Importer(815301076,1909f56bfc062723c751e8b465ee728b)
Start importing Assets/Animations using Guid(8935bfddc9e001740a6eee09690d9c04) Importer(815301076,1909f56bfc062723c751e8b465ee728b)  -> (artifact id: '61ccc10519eb80ff07752bd0890f3cbb') in 0.008477 seconds 
  Import took 0.014177 seconds .

========================================================================
Received Import Request.
  Time since last request: 0.568207 seconds.
  path: Assets/Animations/Player
  artifactKey: Guid(4e6510d341a367645a6a5da9a43bd80b) Importer(815301076,1909f56bfc062723c751e8b465ee728b)
Start importing Assets/Animations/Player using Guid(4e6510d341a367645a6a5da9a43bd80b) Importer(815301076,1909f56bfc062723c751e8b465ee728b)  -> (artifact id: '138b7e3ed1836f16a9058cb24e95c786') in 0.002183 seconds 
  Import took 0.007026 seconds .

AssetImportWorkerClient::OnTransportError - code=2 error=End of file
